<?xml version="1.0" encoding="UTF-8"?>
<!-- Generated by org.testng.reporters.JUnitReportReporter -->
<testsuite hostname="DELL-PC" failures="0" tests="1" name="TestNGPracticeTest.DemoTest" time="0.024" errors="0" timestamp="2022-10-17T15:24:13 IST" skipped="0">
  <testcase classname="TestNGPracticeTest.DemoTest" name="test3" time="0.024"/>
  <system-out/>
</testsuite> <!-- TestNGPracticeTest.DemoTest -->
