<?xml version="1.0" encoding="UTF-8"?>
<!-- Generated by org.testng.reporters.JUnitReportReporter -->
<testsuite hostname="DELL-PC" failures="0" tests="1" name="DataDriven.InsertTheDataIntoDataBaseTest" time="0.668" errors="0" timestamp="2022-09-16T17:04:39 IST" skipped="0">
  <testcase classname="DataDriven.InsertTheDataIntoDataBaseTest" name="insertDataintoDatabase" time="0.668"/>
  <system-out/>
</testsuite> <!-- DataDriven.InsertTheDataIntoDataBaseTest -->
