<?xml version="1.0" encoding="UTF-8"?>
<!-- Generated by org.testng.reporters.JUnitReportReporter -->
<testsuite hostname="DELL-PC" failures="0" tests="1" name="TestNGPracticeTest.CreateConWithOrgNameTest" time="47.816" errors="0" timestamp="2022-10-21T04:02:50 IST" skipped="0">
  <testcase classname="TestNGPracticeTest.CreateConWithOrgNameTest" name="CreateConWithOrg" time="47.816"/>
  <system-out/>
</testsuite> <!-- TestNGPracticeTest.CreateConWithOrgNameTest -->
