<?xml version="1.0" encoding="UTF-8"?>
<!-- Generated by org.testng.reporters.JUnitReportReporter -->
<testsuite hostname="DELL-PC" failures="0" tests="1" name="TestNGPracticeTest.CreateConWithOrgNameTest" time="55.486" errors="0" timestamp="2022-11-01T17:44:23 IST" skipped="0">
  <testcase classname="TestNGPracticeTest.CreateConWithOrgNameTest" name="CreateConWithOrg" time="55.486"/>
  <system-out/>
</testsuite> <!-- TestNGPracticeTest.CreateConWithOrgNameTest -->
