<?xml version="1.0" encoding="UTF-8"?>
<!-- Generated by org.testng.reporters.JUnitReportReporter -->
<testsuite hostname="DELL-PC" failures="0" tests="1" name="TestNGPracticeTest.CreateOrganisationTest" time="22.679" errors="0" timestamp="2022-11-01T17:44:23 IST" skipped="0">
  <testcase classname="TestNGPracticeTest.CreateOrganisationTest" name="CreateOrg" time="22.679"/>
  <system-out/>
</testsuite> <!-- TestNGPracticeTest.CreateOrganisationTest -->
