<?xml version="1.0" encoding="UTF-8"?>
<!-- Generated by org.testng.reporters.JUnitReportReporter -->
<testsuite hostname="DELL-PC" failures="0" tests="1" name="DataDriven.ReadDataFromDataBase" time="0.683" errors="0" timestamp="2022-09-16T16:30:05 IST" skipped="0">
  <testcase classname="DataDriven.ReadDataFromDataBase" name="ReadDataTest" time="0.683"/>
  <system-out/>
</testsuite> <!-- DataDriven.ReadDataFromDataBase -->
