<?xml version="1.0" encoding="UTF-8"?>
<!-- Generated by org.testng.reporters.JUnitReportReporter -->
<testsuite hostname="DELL-PC" failures="0" tests="1" name="com.crm.vtiger.extent_reports.ExtentReportTest" time="11.583" errors="0" timestamp="2022-11-01T15:50:48 IST" skipped="0">
  <testcase classname="com.crm.vtiger.extent_reports.ExtentReportTest" name="createReport" time="11.583"/>
  <system-out/>
</testsuite> <!-- com.crm.vtiger.extent_reports.ExtentReportTest -->
