<?xml version="1.0" encoding="UTF-8"?>
<!-- Generated by org.testng.reporters.JUnitReportReporter -->
<testsuite hostname="DELL-PC" failures="0" tests="1" name="com.crm.vtiger.extent_reports.ExtentReportTest" time="12.425" errors="0" timestamp="2022-11-01T13:23:45 IST" skipped="0">
  <testcase classname="com.crm.vtiger.extent_reports.ExtentReportTest" name="createReport" time="12.425"/>
  <system-out/>
</testsuite> <!-- com.crm.vtiger.extent_reports.ExtentReportTest -->
