<?xml version="1.0" encoding="UTF-8"?>
<!-- Generated by org.testng.reporters.JUnitReportReporter -->
<testsuite hostname="DELL-PC" failures="0" tests="2" name="TestNGPracticeTest.Practice" time="19.899" errors="0" timestamp="2022-10-17T16:05:53 IST" skipped="0">
  <testcase classname="TestNGPracticeTest.Practice" name="m2" time="10.478"/>
  <system-out/>
  <testcase classname="TestNGPracticeTest.Practice" name="m1" time="9.421"/>
  <system-out/>
</testsuite> <!-- TestNGPracticeTest.Practice -->
