<?xml version="1.0" encoding="UTF-8"?>
<!-- Generated by org.testng.reporters.JUnitReportReporter -->
<testsuite hostname="DELL-PC" failures="0" tests="1" name="DataDriven.ReadDataFromExcelFile" time="1.645" errors="0" timestamp="2022-09-19T10:29:17 IST" skipped="0">
  <testcase classname="DataDriven.ReadDataFromExcelFile" name="readDataFromExcel" time="1.645"/>
  <system-out/>
</testsuite> <!-- DataDriven.ReadDataFromExcelFile -->
