<?xml version="1.0" encoding="UTF-8"?>
<!-- Generated by org.testng.reporters.JUnitReportReporter -->
<testsuite hostname="DELL-PC" failures="0" tests="4" name="TestNGPracticeTest.DataProviderUsingExcel" time="0.054" errors="0" timestamp="2022-10-14T13:32:09 IST" skipped="0">
  <testcase classname="TestNGPracticeTest.DataProviderUsingExcel" name="getcred" time="0.004"/>
  <system-out/>
  <testcase classname="TestNGPracticeTest.DataProviderUsingExcel" name="getcred" time="0.029"/>
  <system-out/>
  <testcase classname="TestNGPracticeTest.DataProviderUsingExcel" name="getcred" time="0.014"/>
  <system-out/>
  <testcase classname="TestNGPracticeTest.DataProviderUsingExcel" name="getcred" time="0.007"/>
  <system-out/>
</testsuite> <!-- TestNGPracticeTest.DataProviderUsingExcel -->
