<?xml version="1.0" encoding="UTF-8"?>
<!-- Generated by org.testng.reporters.JUnitReportReporter -->
<testsuite hostname="DELL-PC" failures="0" tests="1" name="TestNGPracticeTest.CreateOrganisationTest" time="32.686" errors="0" timestamp="2022-10-21T03:52:07 IST" skipped="0">
  <testcase classname="TestNGPracticeTest.CreateOrganisationTest" name="CreateOrg" time="32.686"/>
  <system-out/>
</testsuite> <!-- TestNGPracticeTest.CreateOrganisationTest -->
