<?xml version="1.0" encoding="UTF-8"?>
<!-- Generated by org.testng.reporters.JUnitReportReporter -->
<testsuite hostname="DELL-PC" failures="0" tests="1" name="DataDriven.ReadDataFromXmlFileTest" time="0.023" errors="0" timestamp="2022-09-14T17:52:06 IST" skipped="0">
  <testcase classname="DataDriven.ReadDataFromXmlFileTest" name="readDataFromTest" time="0.023"/>
  <system-out/>
</testsuite> <!-- DataDriven.ReadDataFromXmlFileTest -->
