<?xml version="1.0" encoding="UTF-8"?>
<!-- Generated by org.testng.reporters.JUnitReportReporter -->
<testsuite hostname="DELL-PC" failures="0" tests="1" name="TestNGPracticeTest.AnnotationsTest" time="0.029" errors="0" timestamp="2022-10-16T19:14:14 IST" skipped="0">
  <testcase classname="TestNGPracticeTest.AnnotationsTest" name="m22" time="0.029"/>
  <system-out/>
</testsuite> <!-- TestNGPracticeTest.AnnotationsTest -->
