<?xml version="1.0" encoding="UTF-8"?>
<!-- Generated by org.testng.reporters.JUnitReportReporter -->
<testsuite hostname="DELL-PC" failures="0" tests="1" name="TestNGPracticeTest.PassParameter" time="9.277" errors="0" timestamp="2022-10-17T15:31:58 IST" skipped="0">
  <testcase classname="TestNGPracticeTest.PassParameter" name="gmailApp" time="9.277"/>
  <system-out/>
</testsuite> <!-- TestNGPracticeTest.PassParameter -->
