<?xml version="1.0" encoding="UTF-8"?>
<!-- Generated by org.testng.reporters.JUnitReportReporter -->
<testsuite hostname="DELL-PC" failures="0" tests="1" name="DataDriven.ReadDataFromDataBase" time="1.038" errors="0" timestamp="2022-10-27T17:46:19 IST" skipped="0">
  <testcase classname="DataDriven.ReadDataFromDataBase" name="ReadDataTest" time="1.038"/>
  <system-out/>
</testsuite> <!-- DataDriven.ReadDataFromDataBase -->
