<?xml version="1.0" encoding="UTF-8"?>
<!-- Generated by org.testng.reporters.JUnitReportReporter -->
<testsuite hostname="DELL-PC" failures="0" tests="1" name="TestNGPracticeTest.CreateConWithOrgNameTest" time="40.527" errors="0" timestamp="2022-10-21T09:51:28 IST" skipped="0">
  <testcase classname="TestNGPracticeTest.CreateConWithOrgNameTest" name="CreateConWithOrg" time="40.527"/>
  <system-out/>
</testsuite> <!-- TestNGPracticeTest.CreateConWithOrgNameTest -->
