<?xml version="1.0" encoding="UTF-8"?>
<!-- Generated by org.testng.reporters.JUnitReportReporter -->
<testsuite hostname="DELL-PC" failures="0" tests="1" name="DataDriven.ReadDataFromCommandPromptTest" time="0.024" errors="0" timestamp="2022-09-15T17:27:22 IST" skipped="0">
  <testcase classname="DataDriven.ReadDataFromCommandPromptTest" name="readDataFromCMDTest" time="0.024"/>
  <system-out/>
</testsuite> <!-- DataDriven.ReadDataFromCommandPromptTest -->
