<?xml version="1.0" encoding="UTF-8"?>
<!-- Generated by org.testng.reporters.JUnitReportReporter -->
<testsuite hostname="DELL-PC" failures="0" tests="3" name="TestNGPracticeTest.DataProviderTest" time="0.039" errors="0" timestamp="2022-10-14T12:26:04 IST" skipped="0">
  <testcase classname="TestNGPracticeTest.DataProviderTest" name="bookTicket" time="0.012"/>
  <system-out/>
  <testcase classname="TestNGPracticeTest.DataProviderTest" name="bookTicket" time="0.009"/>
  <system-out/>
  <testcase classname="TestNGPracticeTest.DataProviderTest" name="bookTicket" time="0.018"/>
  <system-out/>
</testsuite> <!-- TestNGPracticeTest.DataProviderTest -->
